19/04/2019 11:18:34:231 - [INFO] - PAGING SIMULATOR
19/04/2019 11:18:35:499 - [INFO] - Selected Paging Algorithm:
FIFO
19/04/2019 11:18:37:083 - [INFO] - Main Store Size:
4
19/04/2019 11:18:39:178 - [INFO] - File Selected: /home/kaure/WSURochester/CS405/Project3/data.json
19/04/2019 11:18:39:273 - [INFO] - Page Table Created:
PageTable [pages=[1, 2, 3, 4, 2, 1, 5, 6, 2, 1, 2, 3, 7, 6, 3, 2, 1, 2, 3, 6]]
19/04/2019 11:18:39:274 - [INFO] - Attempting to get 1
19/04/2019 11:18:39:275 - [INFO] - Fault #1
Frame	 Page	 lastUsed
0	1	0
1	EMPTY	2147483647
2	EMPTY	2147483647
3	EMPTY	2147483647

19/04/2019 11:18:39:275 - [INFO] - Attempting to get 2
19/04/2019 11:18:39:276 - [INFO] - Fault #2
Frame	 Page	 lastUsed
0	1	1
1	2	0
2	EMPTY	2147483647
3	EMPTY	2147483647

19/04/2019 11:18:39:276 - [INFO] - Attempting to get 3
19/04/2019 11:18:39:277 - [INFO] - Fault #3
Frame	 Page	 lastUsed
0	1	2
1	2	1
2	3	0
3	EMPTY	2147483647

19/04/2019 11:18:39:278 - [INFO] - Attempting to get 4
19/04/2019 11:18:39:278 - [INFO] - Fault #4
Frame	 Page	 lastUsed
0	1	3
1	2	2
2	3	1
3	4	0

19/04/2019 11:18:39:279 - [INFO] - Attempting to get 2
19/04/2019 11:18:39:279 - [INFO] - Attempting to get 1
19/04/2019 11:18:39:280 - [INFO] - Attempting to get 5
19/04/2019 11:18:39:281 - [INFO] - Fault #5
Frame	 Page	 lastUsed
0	5	0
1	2	2
2	3	4
3	4	3

19/04/2019 11:18:39:281 - [INFO] - Attempting to get 6
19/04/2019 11:18:39:282 - [INFO] - Fault #6
Frame	 Page	 lastUsed
0	5	1
1	6	0
2	3	5
3	4	4

19/04/2019 11:18:39:284 - [INFO] - Attempting to get 2
19/04/2019 11:18:39:285 - [INFO] - Fault #7
Frame	 Page	 lastUsed
0	5	2
1	6	1
2	2	0
3	4	5

19/04/2019 11:18:39:285 - [INFO] - Attempting to get 1
19/04/2019 11:18:39:286 - [INFO] - Fault #8
Frame	 Page	 lastUsed
0	5	3
1	6	2
2	2	1
3	1	0

19/04/2019 11:18:39:286 - [INFO] - Attempting to get 2
19/04/2019 11:18:39:286 - [INFO] - Attempting to get 3
19/04/2019 11:18:39:287 - [INFO] - Fault #9
Frame	 Page	 lastUsed
0	3	0
1	6	4
2	2	1
3	1	2

19/04/2019 11:18:39:287 - [INFO] - Attempting to get 7
19/04/2019 11:18:39:288 - [INFO] - Fault #10
Frame	 Page	 lastUsed
0	3	1
1	7	0
2	2	2
3	1	3

19/04/2019 11:18:39:288 - [INFO] - Attempting to get 6
19/04/2019 11:18:39:289 - [INFO] - Fault #11
Frame	 Page	 lastUsed
0	3	2
1	7	1
2	6	0
3	1	4

19/04/2019 11:18:39:289 - [INFO] - Attempting to get 3
19/04/2019 11:18:39:289 - [INFO] - Attempting to get 2
19/04/2019 11:18:39:290 - [INFO] - Fault #12
Frame	 Page	 lastUsed
0	3	1
1	7	3
2	6	2
3	2	0

19/04/2019 11:18:39:290 - [INFO] - Attempting to get 1
19/04/2019 11:18:39:291 - [INFO] - Fault #13
Frame	 Page	 lastUsed
0	1	0
1	7	4
2	6	3
3	2	1

19/04/2019 11:18:39:291 - [INFO] - Attempting to get 2
19/04/2019 11:18:39:291 - [INFO] - Attempting to get 3
19/04/2019 11:18:39:292 - [INFO] - Fault #14
Frame	 Page	 lastUsed
0	1	2
1	3	0
2	6	5
3	2	1

19/04/2019 11:18:39:293 - [INFO] - Attempting to get 6
19/04/2019 11:18:39:293 - [INFO] - 
Paging Simulation with 4 page(s) of mainstore
Using FIFO algorithm
Total page faults = 14
