19/04/2019 11:18:04:496 - [INFO] - PAGING SIMULATOR
19/04/2019 11:18:06:847 - [INFO] - Selected Paging Algorithm:
FIFO
19/04/2019 11:18:08:260 - [INFO] - Main Store Size:
3
19/04/2019 11:18:10:766 - [INFO] - File Selected: /home/kaure/WSURochester/CS405/Project3/data.json
19/04/2019 11:18:10:871 - [INFO] - Page Table Created:
PageTable [pages=[1, 2, 3, 4, 2, 1, 5, 6, 2, 1, 2, 3, 7, 6, 3, 2, 1, 2, 3, 6]]
19/04/2019 11:18:10:872 - [INFO] - Attempting to get 1
19/04/2019 11:18:10:873 - [INFO] - Fault #1
Frame	 Page	 lastUsed
0	1	0
1	EMPTY	2147483647
2	EMPTY	2147483647

19/04/2019 11:18:10:874 - [INFO] - Attempting to get 2
19/04/2019 11:18:10:874 - [INFO] - Fault #2
Frame	 Page	 lastUsed
0	1	1
1	2	0
2	EMPTY	2147483647

19/04/2019 11:18:10:875 - [INFO] - Attempting to get 3
19/04/2019 11:18:10:875 - [INFO] - Fault #3
Frame	 Page	 lastUsed
0	1	2
1	2	1
2	3	0

19/04/2019 11:18:10:876 - [INFO] - Attempting to get 4
19/04/2019 11:18:10:876 - [INFO] - Fault #4
Frame	 Page	 lastUsed
0	4	0
1	2	2
2	3	1

19/04/2019 11:18:10:877 - [INFO] - Attempting to get 2
19/04/2019 11:18:10:877 - [INFO] - Attempting to get 1
19/04/2019 11:18:10:878 - [INFO] - Fault #5
Frame	 Page	 lastUsed
0	4	2
1	1	0
2	3	3

19/04/2019 11:18:10:878 - [INFO] - Attempting to get 5
19/04/2019 11:18:10:879 - [INFO] - Fault #6
Frame	 Page	 lastUsed
0	4	3
1	1	1
2	5	0

19/04/2019 11:18:10:879 - [INFO] - Attempting to get 6
19/04/2019 11:18:10:880 - [INFO] - Fault #7
Frame	 Page	 lastUsed
0	6	0
1	1	2
2	5	1

19/04/2019 11:18:10:880 - [INFO] - Attempting to get 2
19/04/2019 11:18:10:881 - [INFO] - Fault #8
Frame	 Page	 lastUsed
0	6	1
1	2	0
2	5	2

19/04/2019 11:18:10:881 - [INFO] - Attempting to get 1
19/04/2019 11:18:10:882 - [INFO] - Fault #9
Frame	 Page	 lastUsed
0	6	2
1	2	1
2	1	0

19/04/2019 11:18:10:882 - [INFO] - Attempting to get 2
19/04/2019 11:18:10:882 - [INFO] - Attempting to get 3
19/04/2019 11:18:10:883 - [INFO] - Fault #10
Frame	 Page	 lastUsed
0	3	0
1	2	1
2	1	2

19/04/2019 11:18:10:883 - [INFO] - Attempting to get 7
19/04/2019 11:18:10:884 - [INFO] - Fault #11
Frame	 Page	 lastUsed
0	3	1
1	7	0
2	1	3

19/04/2019 11:18:10:884 - [INFO] - Attempting to get 6
19/04/2019 11:18:10:885 - [INFO] - Fault #12
Frame	 Page	 lastUsed
0	3	2
1	7	1
2	6	0

19/04/2019 11:18:10:885 - [INFO] - Attempting to get 3
19/04/2019 11:18:10:887 - [INFO] - Attempting to get 2
19/04/2019 11:18:10:887 - [INFO] - Fault #13
Frame	 Page	 lastUsed
0	2	0
1	7	3
2	6	2

19/04/2019 11:18:10:888 - [INFO] - Attempting to get 1
19/04/2019 11:18:10:888 - [INFO] - Fault #14
Frame	 Page	 lastUsed
0	2	1
1	1	0
2	6	3

19/04/2019 11:18:10:889 - [INFO] - Attempting to get 2
19/04/2019 11:18:10:889 - [INFO] - Attempting to get 3
19/04/2019 11:18:10:889 - [INFO] - Fault #15
Frame	 Page	 lastUsed
0	2	1
1	1	2
2	3	0

19/04/2019 11:18:10:890 - [INFO] - Attempting to get 6
19/04/2019 11:18:10:890 - [INFO] - Fault #16
Frame	 Page	 lastUsed
0	6	0
1	1	3
2	3	1

19/04/2019 11:18:10:891 - [INFO] - 
Paging Simulation with 3 page(s) of mainstore
Using FIFO algorithm
Total page faults = 16
