19/04/2019 11:19:12:350 - [INFO] - PAGING SIMULATOR
19/04/2019 11:19:15:547 - [INFO] - Selected Paging Algorithm:
FIFO
19/04/2019 11:19:17:443 - [INFO] - Main Store Size:
5
19/04/2019 11:19:19:771 - [INFO] - File Selected: /home/kaure/WSURochester/CS405/Project3/data.json
19/04/2019 11:19:19:879 - [INFO] - Page Table Created:
PageTable [pages=[1, 2, 3, 4, 2, 1, 5, 6, 2, 1, 2, 3, 7, 6, 3, 2, 1, 2, 3, 6]]
19/04/2019 11:19:19:879 - [INFO] - Attempting to get 1
19/04/2019 11:19:19:880 - [INFO] - Fault #1
Frame	 Page	 lastUsed
0	1	0
1	EMPTY	2147483647
2	EMPTY	2147483647
3	EMPTY	2147483647
4	EMPTY	2147483647

19/04/2019 11:19:19:881 - [INFO] - Attempting to get 2
19/04/2019 11:19:19:881 - [INFO] - Fault #2
Frame	 Page	 lastUsed
0	1	1
1	2	0
2	EMPTY	2147483647
3	EMPTY	2147483647
4	EMPTY	2147483647

19/04/2019 11:19:19:882 - [INFO] - Attempting to get 3
19/04/2019 11:19:19:883 - [INFO] - Fault #3
Frame	 Page	 lastUsed
0	1	2
1	2	1
2	3	0
3	EMPTY	2147483647
4	EMPTY	2147483647

19/04/2019 11:19:19:883 - [INFO] - Attempting to get 4
19/04/2019 11:19:19:883 - [INFO] - Fault #4
Frame	 Page	 lastUsed
0	1	3
1	2	2
2	3	1
3	4	0
4	EMPTY	2147483647

19/04/2019 11:19:19:884 - [INFO] - Attempting to get 2
19/04/2019 11:19:19:884 - [INFO] - Attempting to get 1
19/04/2019 11:19:19:885 - [INFO] - Attempting to get 5
19/04/2019 11:19:19:885 - [INFO] - Fault #5
Frame	 Page	 lastUsed
0	1	1
1	2	2
2	3	4
3	4	3
4	5	0

19/04/2019 11:19:19:886 - [INFO] - Attempting to get 6
19/04/2019 11:19:19:886 - [INFO] - Fault #6
Frame	 Page	 lastUsed
0	6	0
1	2	3
2	3	5
3	4	4
4	5	1

19/04/2019 11:19:19:887 - [INFO] - Attempting to get 2
19/04/2019 11:19:19:887 - [INFO] - Attempting to get 1
19/04/2019 11:19:19:888 - [INFO] - Fault #7
Frame	 Page	 lastUsed
0	6	2
1	1	0
2	3	7
3	4	6
4	5	3

19/04/2019 11:19:19:888 - [INFO] - Attempting to get 2
19/04/2019 11:19:19:889 - [INFO] - Fault #8
Frame	 Page	 lastUsed
0	6	3
1	1	1
2	2	0
3	4	7
4	5	4

19/04/2019 11:19:19:889 - [INFO] - Attempting to get 3
19/04/2019 11:19:19:889 - [INFO] - Fault #9
Frame	 Page	 lastUsed
0	6	4
1	1	2
2	2	1
3	3	0
4	5	5

19/04/2019 11:19:19:890 - [INFO] - Attempting to get 7
19/04/2019 11:19:19:890 - [INFO] - Fault #10
Frame	 Page	 lastUsed
0	6	5
1	1	3
2	2	2
3	3	1
4	7	0

19/04/2019 11:19:19:891 - [INFO] - Attempting to get 6
19/04/2019 11:19:19:891 - [INFO] - Attempting to get 3
19/04/2019 11:19:19:892 - [INFO] - Attempting to get 2
19/04/2019 11:19:19:892 - [INFO] - Attempting to get 1
19/04/2019 11:19:19:892 - [INFO] - Attempting to get 2
19/04/2019 11:19:19:893 - [INFO] - Attempting to get 3
19/04/2019 11:19:19:893 - [INFO] - Attempting to get 6
19/04/2019 11:19:19:894 - [INFO] - 
Paging Simulation with 5 page(s) of mainstore
Using FIFO algorithm
Total page faults = 10
