19/04/2019 11:20:37:592 - [INFO] - PAGING SIMULATOR
19/04/2019 11:20:39:932 - [INFO] - Selected Paging Algorithm:
FIFO
19/04/2019 11:20:41:280 - [INFO] - Main Store Size:
7
19/04/2019 11:20:43:126 - [INFO] - File Selected: /home/kaure/WSURochester/CS405/Project3/data.json
19/04/2019 11:20:43:234 - [INFO] - Page Table Created:
PageTable [pages=[1, 2, 3, 4, 2, 1, 5, 6, 2, 1, 2, 3, 7, 6, 3, 2, 1, 2, 3, 6]]
19/04/2019 11:20:43:234 - [INFO] - Attempting to get 1
19/04/2019 11:20:43:235 - [INFO] - Fault #1
Frame	 Page	 lastUsed
0	1	0
1	EMPTY	2147483647
2	EMPTY	2147483647
3	EMPTY	2147483647
4	EMPTY	2147483647
5	EMPTY	2147483647
6	EMPTY	2147483647

19/04/2019 11:20:43:236 - [INFO] - Attempting to get 2
19/04/2019 11:20:43:237 - [INFO] - Fault #2
Frame	 Page	 lastUsed
0	1	1
1	2	0
2	EMPTY	2147483647
3	EMPTY	2147483647
4	EMPTY	2147483647
5	EMPTY	2147483647
6	EMPTY	2147483647

19/04/2019 11:20:43:237 - [INFO] - Attempting to get 3
19/04/2019 11:20:43:238 - [INFO] - Fault #3
Frame	 Page	 lastUsed
0	1	2
1	2	1
2	3	0
3	EMPTY	2147483647
4	EMPTY	2147483647
5	EMPTY	2147483647
6	EMPTY	2147483647

19/04/2019 11:20:43:240 - [INFO] - Attempting to get 4
19/04/2019 11:20:43:240 - [INFO] - Fault #4
Frame	 Page	 lastUsed
0	1	3
1	2	2
2	3	1
3	4	0
4	EMPTY	2147483647
5	EMPTY	2147483647
6	EMPTY	2147483647

19/04/2019 11:20:43:241 - [INFO] - Attempting to get 2
19/04/2019 11:20:43:241 - [INFO] - Attempting to get 1
19/04/2019 11:20:43:242 - [INFO] - Attempting to get 5
19/04/2019 11:20:43:243 - [INFO] - Fault #5
Frame	 Page	 lastUsed
0	1	1
1	2	2
2	3	4
3	4	3
4	5	0
5	EMPTY	2147483647
6	EMPTY	2147483647

19/04/2019 11:20:43:243 - [INFO] - Attempting to get 6
19/04/2019 11:20:43:244 - [INFO] - Fault #6
Frame	 Page	 lastUsed
0	1	2
1	2	3
2	3	5
3	4	4
4	5	1
5	6	0
6	EMPTY	2147483647

19/04/2019 11:20:43:244 - [INFO] - Attempting to get 2
19/04/2019 11:20:43:245 - [INFO] - Attempting to get 1
19/04/2019 11:20:43:245 - [INFO] - Attempting to get 2
19/04/2019 11:20:43:246 - [INFO] - Attempting to get 3
19/04/2019 11:20:43:246 - [INFO] - Attempting to get 7
19/04/2019 11:20:43:246 - [INFO] - Fault #7
Frame	 Page	 lastUsed
0	1	3
1	2	2
2	3	1
3	4	9
4	5	6
5	6	5
6	7	0

19/04/2019 11:20:43:247 - [INFO] - Attempting to get 6
19/04/2019 11:20:43:247 - [INFO] - Attempting to get 3
19/04/2019 11:20:43:248 - [INFO] - Attempting to get 2
19/04/2019 11:20:43:248 - [INFO] - Attempting to get 1
19/04/2019 11:20:43:249 - [INFO] - Attempting to get 2
19/04/2019 11:20:43:249 - [INFO] - Attempting to get 3
19/04/2019 11:20:43:250 - [INFO] - Attempting to get 6
19/04/2019 11:20:43:250 - [INFO] - 
Paging Simulation with 7 page(s) of mainstore
Using FIFO algorithm
Total page faults = 7
