19/04/2019 11:19:49:872 - [INFO] - PAGING SIMULATOR
19/04/2019 11:19:51:364 - [INFO] - Selected Paging Algorithm:
FIFO
19/04/2019 11:19:52:413 - [INFO] - Main Store Size:
6
19/04/2019 11:19:54:236 - [INFO] - File Selected: /home/kaure/WSURochester/CS405/Project3/data.json
19/04/2019 11:19:54:349 - [INFO] - Page Table Created:
PageTable [pages=[1, 2, 3, 4, 2, 1, 5, 6, 2, 1, 2, 3, 7, 6, 3, 2, 1, 2, 3, 6]]
19/04/2019 11:19:54:350 - [INFO] - Attempting to get 1
19/04/2019 11:19:54:351 - [INFO] - Fault #1
Frame	 Page	 lastUsed
0	1	0
1	EMPTY	2147483647
2	EMPTY	2147483647
3	EMPTY	2147483647
4	EMPTY	2147483647
5	EMPTY	2147483647

19/04/2019 11:19:54:352 - [INFO] - Attempting to get 2
19/04/2019 11:19:54:352 - [INFO] - Fault #2
Frame	 Page	 lastUsed
0	1	1
1	2	0
2	EMPTY	2147483647
3	EMPTY	2147483647
4	EMPTY	2147483647
5	EMPTY	2147483647

19/04/2019 11:19:54:353 - [INFO] - Attempting to get 3
19/04/2019 11:19:54:353 - [INFO] - Fault #3
Frame	 Page	 lastUsed
0	1	2
1	2	1
2	3	0
3	EMPTY	2147483647
4	EMPTY	2147483647
5	EMPTY	2147483647

19/04/2019 11:19:54:354 - [INFO] - Attempting to get 4
19/04/2019 11:19:54:354 - [INFO] - Fault #4
Frame	 Page	 lastUsed
0	1	3
1	2	2
2	3	1
3	4	0
4	EMPTY	2147483647
5	EMPTY	2147483647

19/04/2019 11:19:54:355 - [INFO] - Attempting to get 2
19/04/2019 11:19:54:355 - [INFO] - Attempting to get 1
19/04/2019 11:19:54:356 - [INFO] - Attempting to get 5
19/04/2019 11:19:54:356 - [INFO] - Fault #5
Frame	 Page	 lastUsed
0	1	1
1	2	2
2	3	4
3	4	3
4	5	0
5	EMPTY	2147483647

19/04/2019 11:19:54:357 - [INFO] - Attempting to get 6
19/04/2019 11:19:54:357 - [INFO] - Fault #6
Frame	 Page	 lastUsed
0	1	2
1	2	3
2	3	5
3	4	4
4	5	1
5	6	0

19/04/2019 11:19:54:358 - [INFO] - Attempting to get 2
19/04/2019 11:19:54:358 - [INFO] - Attempting to get 1
19/04/2019 11:19:54:359 - [INFO] - Attempting to get 2
19/04/2019 11:19:54:360 - [INFO] - Attempting to get 3
19/04/2019 11:19:54:361 - [INFO] - Attempting to get 7
19/04/2019 11:19:54:361 - [INFO] - Fault #7
Frame	 Page	 lastUsed
0	7	0
1	2	2
2	3	1
3	4	9
4	5	6
5	6	5

19/04/2019 11:19:54:362 - [INFO] - Attempting to get 6
19/04/2019 11:19:54:362 - [INFO] - Attempting to get 3
19/04/2019 11:19:54:363 - [INFO] - Attempting to get 2
19/04/2019 11:19:54:363 - [INFO] - Attempting to get 1
19/04/2019 11:19:54:363 - [INFO] - Fault #8
Frame	 Page	 lastUsed
0	7	4
1	1	0
2	3	2
3	4	13
4	5	10
5	6	3

19/04/2019 11:19:54:364 - [INFO] - Attempting to get 2
19/04/2019 11:19:54:364 - [INFO] - Fault #9
Frame	 Page	 lastUsed
0	7	5
1	1	1
2	2	0
3	4	14
4	5	11
5	6	4

19/04/2019 11:19:54:365 - [INFO] - Attempting to get 3
19/04/2019 11:19:54:365 - [INFO] - Fault #10
Frame	 Page	 lastUsed
0	7	6
1	1	2
2	2	1
3	3	0
4	5	12
5	6	5

19/04/2019 11:19:54:366 - [INFO] - Attempting to get 6
19/04/2019 11:19:54:366 - [INFO] - 
Paging Simulation with 6 page(s) of mainstore
Using FIFO algorithm
Total page faults = 10
