19/04/2019 11:12:20:649 - [INFO] - PAGING SIMULATOR
19/04/2019 11:12:22:594 - [INFO] - Selected Paging Algorithm:
LRU
19/04/2019 11:12:24:367 - [INFO] - Main Store Size:
3
19/04/2019 11:12:26:485 - [INFO] - File Selected: /home/kaure/WSURochester/CS405/Project3/data.json
19/04/2019 11:12:26:595 - [INFO] - Page Table Created:
PageTable [pages=[1, 2, 3, 4, 2, 1, 5, 6, 2, 1, 2, 3, 7, 6, 3, 2, 1, 2, 3, 6]]
19/04/2019 11:12:26:596 - [INFO] - Attempting to get 1
19/04/2019 11:12:26:597 - [INFO] - Fault #1
Frame	 Page	 lastUsed
0	1	0
1	EMPTY	2147483647
2	EMPTY	2147483647

19/04/2019 11:12:26:598 - [INFO] - Attempting to get 2
19/04/2019 11:12:26:598 - [INFO] - Fault #2
Frame	 Page	 lastUsed
0	1	1
1	2	0
2	EMPTY	2147483647

19/04/2019 11:12:26:599 - [INFO] - Attempting to get 3
19/04/2019 11:12:26:599 - [INFO] - Fault #3
Frame	 Page	 lastUsed
0	1	2
1	2	1
2	3	0

19/04/2019 11:12:26:600 - [INFO] - Attempting to get 4
19/04/2019 11:12:26:600 - [INFO] - Fault #4
Frame	 Page	 lastUsed
0	4	0
1	2	2
2	3	1

19/04/2019 11:12:26:601 - [INFO] - Attempting to get 2
19/04/2019 11:12:26:601 - [INFO] - Attempting to get 1
19/04/2019 11:12:26:602 - [INFO] - Fault #5
Frame	 Page	 lastUsed
0	4	2
1	2	1
2	1	0

19/04/2019 11:12:26:602 - [INFO] - Attempting to get 5
19/04/2019 11:12:26:603 - [INFO] - Fault #6
Frame	 Page	 lastUsed
0	5	0
1	2	2
2	1	1

19/04/2019 11:12:26:603 - [INFO] - Attempting to get 6
19/04/2019 11:12:26:604 - [INFO] - Fault #7
Frame	 Page	 lastUsed
0	5	1
1	6	0
2	1	2

19/04/2019 11:12:26:604 - [INFO] - Attempting to get 2
19/04/2019 11:12:26:604 - [INFO] - Fault #8
Frame	 Page	 lastUsed
0	5	2
1	6	1
2	2	0

19/04/2019 11:12:26:605 - [INFO] - Attempting to get 1
19/04/2019 11:12:26:605 - [INFO] - Fault #9
Frame	 Page	 lastUsed
0	1	0
1	6	2
2	2	1

19/04/2019 11:12:26:606 - [INFO] - Attempting to get 2
19/04/2019 11:12:26:606 - [INFO] - Attempting to get 3
19/04/2019 11:12:26:607 - [INFO] - Fault #10
Frame	 Page	 lastUsed
0	1	2
1	3	0
2	2	1

19/04/2019 11:12:26:607 - [INFO] - Attempting to get 7
19/04/2019 11:12:26:608 - [INFO] - Fault #11
Frame	 Page	 lastUsed
0	7	0
1	3	1
2	2	2

19/04/2019 11:12:26:608 - [INFO] - Attempting to get 6
19/04/2019 11:12:26:608 - [INFO] - Fault #12
Frame	 Page	 lastUsed
0	7	1
1	3	2
2	6	0

19/04/2019 11:12:26:609 - [INFO] - Attempting to get 3
19/04/2019 11:12:26:609 - [INFO] - Attempting to get 2
19/04/2019 11:12:26:610 - [INFO] - Fault #13
Frame	 Page	 lastUsed
0	2	0
1	3	1
2	6	2

19/04/2019 11:12:26:610 - [INFO] - Attempting to get 1
19/04/2019 11:12:26:610 - [INFO] - Fault #14
Frame	 Page	 lastUsed
0	2	1
1	3	2
2	1	0

19/04/2019 11:12:26:611 - [INFO] - Attempting to get 2
19/04/2019 11:12:26:611 - [INFO] - Attempting to get 3
19/04/2019 11:12:26:612 - [INFO] - Attempting to get 6
19/04/2019 11:12:26:612 - [INFO] - Fault #15
Frame	 Page	 lastUsed
0	2	2
1	3	1
2	6	0

19/04/2019 11:12:26:613 - [INFO] - 
Paging Simulation with 3 page(s) of mainstore
Using LRU algorithm
Total page faults = 15
