19/04/2019 11:13:25:736 - [INFO] - PAGING SIMULATOR
19/04/2019 11:13:27:915 - [INFO] - Selected Paging Algorithm:
LRU
19/04/2019 11:13:29:861 - [INFO] - Main Store Size:
4
19/04/2019 11:13:32:678 - [INFO] - File Selected: /home/kaure/WSURochester/CS405/Project3/data.json
19/04/2019 11:13:32:780 - [INFO] - Page Table Created:
PageTable [pages=[1, 2, 3, 4, 2, 1, 5, 6, 2, 1, 2, 3, 7, 6, 3, 2, 1, 2, 3, 6]]
19/04/2019 11:13:32:781 - [INFO] - Attempting to get 1
19/04/2019 11:13:32:782 - [INFO] - Fault #1
Frame	 Page	 lastUsed
0	1	0
1	EMPTY	2147483647
2	EMPTY	2147483647
3	EMPTY	2147483647

19/04/2019 11:13:32:783 - [INFO] - Attempting to get 2
19/04/2019 11:13:32:783 - [INFO] - Fault #2
Frame	 Page	 lastUsed
0	1	1
1	2	0
2	EMPTY	2147483647
3	EMPTY	2147483647

19/04/2019 11:13:32:784 - [INFO] - Attempting to get 3
19/04/2019 11:13:32:785 - [INFO] - Fault #3
Frame	 Page	 lastUsed
0	1	2
1	2	1
2	3	0
3	EMPTY	2147483647

19/04/2019 11:13:32:785 - [INFO] - Attempting to get 4
19/04/2019 11:13:32:786 - [INFO] - Fault #4
Frame	 Page	 lastUsed
0	1	3
1	2	2
2	3	1
3	4	0

19/04/2019 11:13:32:786 - [INFO] - Attempting to get 2
19/04/2019 11:13:32:787 - [INFO] - Attempting to get 1
19/04/2019 11:13:32:787 - [INFO] - Attempting to get 5
19/04/2019 11:13:32:788 - [INFO] - Fault #5
Frame	 Page	 lastUsed
0	1	1
1	2	2
2	5	0
3	4	3

19/04/2019 11:13:32:788 - [INFO] - Attempting to get 6
19/04/2019 11:13:32:789 - [INFO] - Fault #6
Frame	 Page	 lastUsed
0	1	2
1	2	3
2	5	1
3	6	0

19/04/2019 11:13:32:789 - [INFO] - Attempting to get 2
19/04/2019 11:13:32:790 - [INFO] - Attempting to get 1
19/04/2019 11:13:32:790 - [INFO] - Attempting to get 2
19/04/2019 11:13:32:791 - [INFO] - Attempting to get 3
19/04/2019 11:13:32:791 - [INFO] - Fault #7
Frame	 Page	 lastUsed
0	1	2
1	2	1
2	3	0
3	6	4

19/04/2019 11:13:32:791 - [INFO] - Attempting to get 7
19/04/2019 11:13:32:793 - [INFO] - Fault #8
Frame	 Page	 lastUsed
0	1	3
1	2	2
2	3	1
3	7	0

19/04/2019 11:13:32:794 - [INFO] - Attempting to get 6
19/04/2019 11:13:32:794 - [INFO] - Fault #9
Frame	 Page	 lastUsed
0	6	0
1	2	3
2	3	2
3	7	1

19/04/2019 11:13:32:795 - [INFO] - Attempting to get 3
19/04/2019 11:13:32:795 - [INFO] - Attempting to get 2
19/04/2019 11:13:32:795 - [INFO] - Attempting to get 1
19/04/2019 11:13:32:796 - [INFO] - Fault #10
Frame	 Page	 lastUsed
0	6	3
1	2	1
2	3	2
3	1	0

19/04/2019 11:13:32:796 - [INFO] - Attempting to get 2
19/04/2019 11:13:32:797 - [INFO] - Attempting to get 3
19/04/2019 11:13:32:797 - [INFO] - Attempting to get 6
19/04/2019 11:13:32:797 - [INFO] - 
Paging Simulation with 4 page(s) of mainstore
Using LRU algorithm
Total page faults = 10
