19/04/2019 11:13:57:756 - [INFO] - PAGING SIMULATOR
19/04/2019 11:13:59:800 - [INFO] - Selected Paging Algorithm:
LRU
19/04/2019 11:14:01:481 - [INFO] - Main Store Size:
5
19/04/2019 11:14:03:290 - [INFO] - File Selected: /home/kaure/WSURochester/CS405/Project3/data.json
19/04/2019 11:14:03:383 - [INFO] - Page Table Created:
PageTable [pages=[1, 2, 3, 4, 2, 1, 5, 6, 2, 1, 2, 3, 7, 6, 3, 2, 1, 2, 3, 6]]
19/04/2019 11:14:03:383 - [INFO] - Attempting to get 1
19/04/2019 11:14:03:384 - [INFO] - Fault #1
Frame	 Page	 lastUsed
0	1	0
1	EMPTY	2147483647
2	EMPTY	2147483647
3	EMPTY	2147483647
4	EMPTY	2147483647

19/04/2019 11:14:03:385 - [INFO] - Attempting to get 2
19/04/2019 11:14:03:386 - [INFO] - Fault #2
Frame	 Page	 lastUsed
0	1	1
1	2	0
2	EMPTY	2147483647
3	EMPTY	2147483647
4	EMPTY	2147483647

19/04/2019 11:14:03:386 - [INFO] - Attempting to get 3
19/04/2019 11:14:03:387 - [INFO] - Fault #3
Frame	 Page	 lastUsed
0	1	2
1	2	1
2	3	0
3	EMPTY	2147483647
4	EMPTY	2147483647

19/04/2019 11:14:03:387 - [INFO] - Attempting to get 4
19/04/2019 11:14:03:388 - [INFO] - Fault #4
Frame	 Page	 lastUsed
0	1	3
1	2	2
2	3	1
3	4	0
4	EMPTY	2147483647

19/04/2019 11:14:03:388 - [INFO] - Attempting to get 2
19/04/2019 11:14:03:389 - [INFO] - Attempting to get 1
19/04/2019 11:14:03:389 - [INFO] - Attempting to get 5
19/04/2019 11:14:03:390 - [INFO] - Fault #5
Frame	 Page	 lastUsed
0	1	1
1	2	2
2	3	4
3	4	3
4	5	0

19/04/2019 11:14:03:391 - [INFO] - Attempting to get 6
19/04/2019 11:14:03:391 - [INFO] - Fault #6
Frame	 Page	 lastUsed
0	1	2
1	2	3
2	6	0
3	4	4
4	5	1

19/04/2019 11:14:03:392 - [INFO] - Attempting to get 2
19/04/2019 11:14:03:392 - [INFO] - Attempting to get 1
19/04/2019 11:14:03:393 - [INFO] - Attempting to get 2
19/04/2019 11:14:03:393 - [INFO] - Attempting to get 3
19/04/2019 11:14:03:394 - [INFO] - Fault #7
Frame	 Page	 lastUsed
0	1	2
1	2	1
2	6	4
3	3	0
4	5	5

19/04/2019 11:14:03:394 - [INFO] - Attempting to get 7
19/04/2019 11:14:03:395 - [INFO] - Fault #8
Frame	 Page	 lastUsed
0	1	3
1	2	2
2	6	5
3	3	1
4	7	0

19/04/2019 11:14:03:395 - [INFO] - Attempting to get 6
19/04/2019 11:14:03:396 - [INFO] - Attempting to get 3
19/04/2019 11:14:03:396 - [INFO] - Attempting to get 2
19/04/2019 11:14:03:397 - [INFO] - Attempting to get 1
19/04/2019 11:14:03:397 - [INFO] - Attempting to get 2
19/04/2019 11:14:03:398 - [INFO] - Attempting to get 3
19/04/2019 11:14:03:398 - [INFO] - Attempting to get 6
19/04/2019 11:14:03:399 - [INFO] - 
Paging Simulation with 5 page(s) of mainstore
Using LRU algorithm
Total page faults = 8
