19/04/2019 11:14:48:050 - [INFO] - PAGING SIMULATOR
19/04/2019 11:14:49:390 - [INFO] - Selected Paging Algorithm:
LRU
19/04/2019 11:14:50:793 - [INFO] - Main Store Size:
7
19/04/2019 11:14:52:750 - [INFO] - File Selected: /home/kaure/WSURochester/CS405/Project3/data.json
19/04/2019 11:14:52:857 - [INFO] - Page Table Created:
PageTable [pages=[1, 2, 3, 4, 2, 1, 5, 6, 2, 1, 2, 3, 7, 6, 3, 2, 1, 2, 3, 6]]
19/04/2019 11:14:52:858 - [INFO] - Attempting to get 1
19/04/2019 11:14:52:859 - [INFO] - Fault #1
Frame	 Page	 lastUsed
0	1	0
1	EMPTY	2147483647
2	EMPTY	2147483647
3	EMPTY	2147483647
4	EMPTY	2147483647
5	EMPTY	2147483647
6	EMPTY	2147483647

19/04/2019 11:14:52:859 - [INFO] - Attempting to get 2
19/04/2019 11:14:52:860 - [INFO] - Fault #2
Frame	 Page	 lastUsed
0	1	1
1	2	0
2	EMPTY	2147483647
3	EMPTY	2147483647
4	EMPTY	2147483647
5	EMPTY	2147483647
6	EMPTY	2147483647

19/04/2019 11:14:52:861 - [INFO] - Attempting to get 3
19/04/2019 11:14:52:861 - [INFO] - Fault #3
Frame	 Page	 lastUsed
0	1	2
1	2	1
2	3	0
3	EMPTY	2147483647
4	EMPTY	2147483647
5	EMPTY	2147483647
6	EMPTY	2147483647

19/04/2019 11:14:52:862 - [INFO] - Attempting to get 4
19/04/2019 11:14:52:862 - [INFO] - Fault #4
Frame	 Page	 lastUsed
0	1	3
1	2	2
2	3	1
3	4	0
4	EMPTY	2147483647
5	EMPTY	2147483647
6	EMPTY	2147483647

19/04/2019 11:14:52:863 - [INFO] - Attempting to get 2
19/04/2019 11:14:52:863 - [INFO] - Attempting to get 1
19/04/2019 11:14:52:864 - [INFO] - Attempting to get 5
19/04/2019 11:14:52:864 - [INFO] - Fault #5
Frame	 Page	 lastUsed
0	1	1
1	2	2
2	3	4
3	4	3
4	5	0
5	EMPTY	2147483647
6	EMPTY	2147483647

19/04/2019 11:14:52:865 - [INFO] - Attempting to get 6
19/04/2019 11:14:52:865 - [INFO] - Fault #6
Frame	 Page	 lastUsed
0	1	2
1	2	3
2	3	5
3	4	4
4	5	1
5	6	0
6	EMPTY	2147483647

19/04/2019 11:14:52:866 - [INFO] - Attempting to get 2
19/04/2019 11:14:52:866 - [INFO] - Attempting to get 1
19/04/2019 11:14:52:866 - [INFO] - Attempting to get 2
19/04/2019 11:14:52:867 - [INFO] - Attempting to get 3
19/04/2019 11:14:52:867 - [INFO] - Attempting to get 7
19/04/2019 11:14:52:868 - [INFO] - Fault #7
Frame	 Page	 lastUsed
0	1	3
1	2	2
2	3	1
3	4	9
4	5	6
5	6	5
6	7	0

19/04/2019 11:14:52:868 - [INFO] - Attempting to get 6
19/04/2019 11:14:52:869 - [INFO] - Attempting to get 3
19/04/2019 11:14:52:869 - [INFO] - Attempting to get 2
19/04/2019 11:14:52:870 - [INFO] - Attempting to get 1
19/04/2019 11:14:52:870 - [INFO] - Attempting to get 2
19/04/2019 11:14:52:870 - [INFO] - Attempting to get 3
19/04/2019 11:14:52:871 - [INFO] - Attempting to get 6
19/04/2019 11:14:52:871 - [INFO] - 
Paging Simulation with 7 page(s) of mainstore
Using LRU algorithm
Total page faults = 7
